mode: atomic
mode: atomic
mode: atomic
mode: atomic
mode: atomic
github.com/aporeto-inc/gaia/v1/golang/utils/namespaces/namespaces.go:27.66,29.30 1 6
github.com/aporeto-inc/gaia/v1/golang/utils/namespaces/namespaces.go:33.2,35.15 2 4
github.com/aporeto-inc/gaia/v1/golang/utils/namespaces/namespaces.go:29.30,31.3 1 2
github.com/aporeto-inc/gaia/v1/golang/utils/namespaces/namespaces.go:36.10,37.50 1 2
github.com/aporeto-inc/gaia/v1/golang/utils/namespaces/namespaces.go:38.9,39.34 1 0
github.com/aporeto-inc/gaia/v1/golang/utils/namespaces/namespaces.go:40.10,41.32 1 2
github.com/aporeto-inc/gaia/v1/golang/utils/namespaces/namespaces.go:46.67,48.2 1 7
github.com/aporeto-inc/gaia/v1/golang/utils/namespaces/namespaces.go:51.65,53.18 1 15
github.com/aporeto-inc/gaia/v1/golang/utils/namespaces/namespaces.go:57.2,57.17 1 13
github.com/aporeto-inc/gaia/v1/golang/utils/namespaces/namespaces.go:61.2,61.26 1 11
github.com/aporeto-inc/gaia/v1/golang/utils/namespaces/namespaces.go:65.2,65.37 1 11
github.com/aporeto-inc/gaia/v1/golang/utils/namespaces/namespaces.go:53.18,55.3 1 2
github.com/aporeto-inc/gaia/v1/golang/utils/namespaces/namespaces.go:57.17,59.3 1 2
github.com/aporeto-inc/gaia/v1/golang/utils/namespaces/namespaces.go:61.26,63.3 1 9
github.com/aporeto-inc/gaia/v1/golang/utils/namespaces/namespaces.go:69.68,71.22 1 12
github.com/aporeto-inc/gaia/v1/golang/utils/namespaces/namespaces.go:75.2,75.18 1 10
github.com/aporeto-inc/gaia/v1/golang/utils/namespaces/namespaces.go:79.2,79.34 1 8
github.com/aporeto-inc/gaia/v1/golang/utils/namespaces/namespaces.go:83.2,83.38 1 8
github.com/aporeto-inc/gaia/v1/golang/utils/namespaces/namespaces.go:71.22,73.3 1 2
github.com/aporeto-inc/gaia/v1/golang/utils/namespaces/namespaces.go:75.18,77.3 1 2
github.com/aporeto-inc/gaia/v1/golang/utils/namespaces/namespaces.go:79.34,81.3 1 7
github.com/aporeto-inc/gaia/v1/golang/utils/namespaces/namespaces.go:89.57,91.30 1 7
github.com/aporeto-inc/gaia/v1/golang/utils/namespaces/namespaces.go:95.2,99.39 4 6
github.com/aporeto-inc/gaia/v1/golang/utils/namespaces/namespaces.go:103.2,105.19 2 6
github.com/aporeto-inc/gaia/v1/golang/utils/namespaces/namespaces.go:91.30,93.3 1 1
github.com/aporeto-inc/gaia/v1/golang/utils/namespaces/namespaces.go:99.39,101.3 1 24
github.com/aporeto-inc/gaia/v1/golang/utils/namespaces/namespaces.go:109.121,120.68 4 22
github.com/aporeto-inc/gaia/v1/golang/utils/namespaces/namespaces.go:124.2,124.31 1 18
github.com/aporeto-inc/gaia/v1/golang/utils/namespaces/namespaces.go:134.2,134.17 1 18
github.com/aporeto-inc/gaia/v1/golang/utils/namespaces/namespaces.go:120.68,122.3 1 4
github.com/aporeto-inc/gaia/v1/golang/utils/namespaces/namespaces.go:124.31,127.17 2 15
github.com/aporeto-inc/gaia/v1/golang/utils/namespaces/namespaces.go:131.3,131.29 1 15
github.com/aporeto-inc/gaia/v1/golang/utils/namespaces/namespaces.go:127.17,129.4 1 0
github.com/aporeto-inc/gaia/v1/golang/utils/namespaces/namespaces.go:138.120,142.29 3 0
github.com/aporeto-inc/gaia/v1/golang/utils/namespaces/namespaces.go:145.2,149.61 4 0
github.com/aporeto-inc/gaia/v1/golang/utils/namespaces/namespaces.go:153.2,153.17 1 0
github.com/aporeto-inc/gaia/v1/golang/utils/namespaces/namespaces.go:142.29,144.3 1 0
github.com/aporeto-inc/gaia/v1/golang/utils/namespaces/namespaces.go:149.61,151.3 1 0
github.com/aporeto-inc/gaia/v1/golang/utils/namespaces/namespaces.go:157.96,166.64 3 0
github.com/aporeto-inc/gaia/v1/golang/utils/namespaces/namespaces.go:170.2,170.21 1 0
github.com/aporeto-inc/gaia/v1/golang/utils/namespaces/namespaces.go:166.64,168.3 1 0
github.com/aporeto-inc/gaia/v1/golang/utils/namespaces/namespaces.go:171.9,172.86 1 0
github.com/aporeto-inc/gaia/v1/golang/utils/namespaces/namespaces.go:173.9,174.24 1 0
github.com/aporeto-inc/gaia/v1/golang/utils/namespaces/namespaces.go:175.10,176.73 1 0
github.com/aporeto-inc/gaia/v1/golang/utils/namespaces/namespaces.go:181.59,186.39 2 5
github.com/aporeto-inc/gaia/v1/golang/utils/namespaces/namespaces.go:205.2,205.19 1 5
github.com/aporeto-inc/gaia/v1/golang/utils/namespaces/namespaces.go:209.2,209.12 1 1
github.com/aporeto-inc/gaia/v1/golang/utils/namespaces/namespaces.go:186.39,188.31 1 5
github.com/aporeto-inc/gaia/v1/golang/utils/namespaces/namespaces.go:195.3,196.39 2 4
github.com/aporeto-inc/gaia/v1/golang/utils/namespaces/namespaces.go:188.31,189.16 1 59
github.com/aporeto-inc/gaia/v1/golang/utils/namespaces/namespaces.go:189.16,191.15 2 1
github.com/aporeto-inc/gaia/v1/golang/utils/namespaces/namespaces.go:196.39,197.43 1 3
github.com/aporeto-inc/gaia/v1/golang/utils/namespaces/namespaces.go:197.43,199.5 1 3
github.com/aporeto-inc/gaia/v1/golang/utils/namespaces/namespaces.go:199.5,201.5 1 0
github.com/aporeto-inc/gaia/v1/golang/utils/namespaces/namespaces.go:205.19,207.3 1 4
github.com/aporeto-inc/gaia/v1/golang/utils/namespaces/namespaces.go:213.109,217.41 2 0
github.com/aporeto-inc/gaia/v1/golang/utils/namespaces/namespaces.go:223.2,223.69 1 0
github.com/aporeto-inc/gaia/v1/golang/utils/namespaces/namespaces.go:229.2,229.72 1 0
github.com/aporeto-inc/gaia/v1/golang/utils/namespaces/namespaces.go:235.2,237.16 3 0
github.com/aporeto-inc/gaia/v1/golang/utils/namespaces/namespaces.go:241.2,241.16 1 0
github.com/aporeto-inc/gaia/v1/golang/utils/namespaces/namespaces.go:247.2,247.12 1 0
github.com/aporeto-inc/gaia/v1/golang/utils/namespaces/namespaces.go:217.41,221.3 1 0
github.com/aporeto-inc/gaia/v1/golang/utils/namespaces/namespaces.go:223.69,227.3 3 0
github.com/aporeto-inc/gaia/v1/golang/utils/namespaces/namespaces.go:229.72,233.3 3 0
github.com/aporeto-inc/gaia/v1/golang/utils/namespaces/namespaces.go:237.16,239.3 1 0
github.com/aporeto-inc/gaia/v1/golang/utils/namespaces/namespaces.go:241.16,245.3 3 0
